{
  "stats": {
    "suites": 1,
    "tests": 3,
    "passes": 3,
    "pending": 0,
    "failures": 0,
    "start": "2024-08-28T06:42:38.642Z",
    "end": "2024-08-28T06:42:55.236Z",
    "duration": 16594,
    "testsRegistered": 3,
    "passPercent": 100,
    "pendingPercent": 0,
    "other": 0,
    "hasOther": false,
    "skipped": 0,
    "hasSkipped": false
  },
  "results": [
    {
      "uuid": "b29503cf-ee52-403e-b59d-37f93b3bf977",
      "title": "",
      "fullFile": "cypress\\e2e\\Student\\Student-login.cy.js",
      "file": "cypress\\e2e\\Student\\Student-login.cy.js",
      "beforeHooks": [],
      "afterHooks": [],
      "tests": [],
      "suites": [
        {
          "uuid": "5d235ebf-a922-45d4-b52b-eedade152c65",
          "title": "Learner Sigin Test Suit",
          "fullFile": "",
          "file": "",
          "beforeHooks": [],
          "afterHooks": [],
          "tests": [
            {
              "title": "Child Login successfully",
              "fullTitle": "Learner Sigin Test Suit Child Login successfully",
              "timedOut": null,
              "duration": 4539,
              "state": "passed",
              "speed": "fast",
              "pass": true,
              "fail": false,
              "pending": false,
              "context": "{\n  \"title\": \"cypress-mochawesome-reporter-videos-passed\",\n  \"value\": \"cypress\\\\e2e\\\\Student\\\\Student-login.cy.js\"\n}",
              "code": "childlog.signinChild(repodata.Email, repodata.Password);",
              "err": {},
              "uuid": "46878849-0be8-4cad-9639-e85b958c1768",
              "parentUUID": "5d235ebf-a922-45d4-b52b-eedade152c65",
              "isHook": false,
              "skipped": false
            },
            {
              "title": "Child login with Invalid Credentilas",
              "fullTitle": "Learner Sigin Test Suit Child login with Invalid Credentilas",
              "timedOut": null,
              "duration": 2471,
              "state": "passed",
              "speed": "fast",
              "pass": true,
              "fail": false,
              "pending": false,
              "context": "{\n  \"title\": \"cypress-mochawesome-reporter-videos-passed\",\n  \"value\": \"cypress\\\\e2e\\\\Student\\\\Student-login.cy.js\"\n}",
              "code": "childlog.signinChild(repodata.invalidemail, repodata.Password);\nchildlog.getErrorMessage();",
              "err": {},
              "uuid": "fd2887f1-20ee-40c4-8ca7-117791b5f4b8",
              "parentUUID": "5d235ebf-a922-45d4-b52b-eedade152c65",
              "isHook": false,
              "skipped": false
            },
            {
              "title": "Logout Functionality",
              "fullTitle": "Learner Sigin Test Suit Logout Functionality",
              "timedOut": null,
              "duration": 6774,
              "state": "passed",
              "speed": "medium",
              "pass": true,
              "fail": false,
              "pending": false,
              "context": "{\n  \"title\": \"cypress-mochawesome-reporter-videos-passed\",\n  \"value\": \"cypress\\\\e2e\\\\Student\\\\Student-login.cy.js\"\n}",
              "code": "childlog.signinChild(repodata.Email, repodata.Password);\nchildlog.logout();",
              "err": {},
              "uuid": "458705b3-f939-4a60-bbf2-a7c351fb1766",
              "parentUUID": "5d235ebf-a922-45d4-b52b-eedade152c65",
              "isHook": false,
              "skipped": false
            }
          ],
          "suites": [],
          "passes": [
            "46878849-0be8-4cad-9639-e85b958c1768",
            "fd2887f1-20ee-40c4-8ca7-117791b5f4b8",
            "458705b3-f939-4a60-bbf2-a7c351fb1766"
          ],
          "failures": [],
          "pending": [],
          "skipped": [],
          "duration": 13784,
          "root": false,
          "rootEmpty": false,
          "_timeout": 2000
        }
      ],
      "passes": [],
      "failures": [],
      "pending": [],
      "skipped": [],
      "duration": 0,
      "root": true,
      "rootEmpty": true,
      "_timeout": 2000
    }
  ],
  "meta": {
    "mocha": {
      "version": "7.0.1"
    },
    "mochawesome": {
      "options": {
        "quiet": false,
        "reportFilename": "mochawesome",
        "saveHtml": false,
        "saveJson": true,
        "consoleReporter": "spec",
        "useInlineDiffs": false,
        "code": true
      },
      "version": "7.1.3"
    },
    "marge": {
      "options": {
        "reportDir": "cypress/results",
        "overwrite": false,
        "html": false,
        "json": true
      },
      "version": "6.2.0"
    }
  }
}