{
  "stats": {
    "suites": 1,
    "tests": 1,
    "passes": 0,
    "pending": 0,
    "failures": 1,
    "start": "2024-08-28T06:39:31.269Z",
    "end": "2024-08-28T06:40:37.730Z",
    "duration": 66461,
    "testsRegistered": 1,
    "passPercent": 0,
    "pendingPercent": 0,
    "other": 0,
    "hasOther": false,
    "skipped": 0,
    "hasSkipped": false
  },
  "results": [
    {
      "uuid": "34a0fb95-be32-4115-9bc1-b2775868796d",
      "title": "",
      "fullFile": "cypress\\e2e\\Instructor\\create-course.cy.js",
      "file": "cypress\\e2e\\Instructor\\create-course.cy.js",
      "beforeHooks": [],
      "afterHooks": [],
      "tests": [],
      "suites": [
        {
          "uuid": "6aa9153f-49e8-4f14-a9b3-1126c541a4c1",
          "title": "Instructor Sign-In Test Suite",
          "fullFile": "",
          "file": "",
          "beforeHooks": [],
          "afterHooks": [],
          "tests": [
            {
              "title": "Instructor Login successfully and create a course",
              "fullTitle": "Instructor Sign-In Test Suite Instructor Login successfully and create a course",
              "timedOut": null,
              "duration": 62990,
              "state": "failed",
              "speed": null,
              "pass": false,
              "fail": true,
              "pending": false,
              "context": "[\n  {\n    \"title\": \"cypress-mochawesome-reporter-videos-failed\",\n    \"value\": \"cypress\\\\e2e\\\\Instructor\\\\create-course.cy.js\"\n  },\n  {\n    \"title\": \"cypress-mochawesome-reporter-screenshots\",\n    \"value\": [\n      [\n        \"\\\\Instructor\\\\create-course.cy.js\\\\Instructor Sign-In Test Suite -- Instructor Login successfully and create a course (failed).png\"\n      ]\n    ]\n  }\n]",
              "code": "const uniqueCourseName = generator.generateUniqueCourseName();\n// Use the loaded data to perform login\ninstlog.signininst(repodata.correctemail, repodata.Password);\n// Pass the course data to the create course method\ncourse.createcourse(uniqueCourseName, courseData.language, courseData.description, courseData.learn, courseData.category, courseData.skill, courseData.instructor);\ncourse.addUnit();\ncourse.Enterlessonitems(lessonData.LessonName, lessonData.LessonDes);\ncourse.Assessment(lessonData.Name, lessonData.Des);\ncourse.Addquiz();\ncourse.Assignment();\ncourse.Descriptive();",
              "err": {
                "message": "CypressError: Timed out retrying after 4050ms: `cy.click()` failed because this element:\n\n`<button class=\"MuiButtonBase-root MuiButton-root MuiButton-text MuiButton-textInherit MuiButton-sizeMedium MuiButton-textSizeMedium MuiButton-colorInherit MuiButton-disableElevation MuiButton-root MuiButton-text MuiButton-textInherit MuiButton-sizeMedium MuiButton-textSizeMedium MuiButton-colorInherit MuiButton-disableElevation css-6rothz\" tabindex=\"0\" type=\"button\" aria-controls=\"menu-405\" aria-haspopup=\"true\">...</button>`\n\nis being covered by another element:\n\n`<div class=\"MuiDialog-container MuiDialog-scrollPaper css-16u656j\" role=\"presentation\" tabindex=\"-1\" style=\"opacity: 0; transition: opacity 195ms cubic-bezier(0.4, 0, 0.2, 1) 0ms;\">...</div>`\n\nFix this problem, or use {force: true} to disable error checking.\n\nhttps://on.cypress.io/element-cannot-be-interacted-with",
                "estack": "CypressError: Timed out retrying after 4050ms: `cy.click()` failed because this element:\n\n`<button class=\"MuiButtonBase-root MuiButton-root MuiButton-text MuiButton-textInherit MuiButton-sizeMedium MuiButton-textSizeMedium MuiButton-colorInherit MuiButton-disableElevation MuiButton-root MuiButton-text MuiButton-textInherit MuiButton-sizeMedium MuiButton-textSizeMedium MuiButton-colorInherit MuiButton-disableElevation css-6rothz\" tabindex=\"0\" type=\"button\" aria-controls=\"menu-405\" aria-haspopup=\"true\">...</button>`\n\nis being covered by another element:\n\n`<div class=\"MuiDialog-container MuiDialog-scrollPaper css-16u656j\" role=\"presentation\" tabindex=\"-1\" style=\"opacity: 0; transition: opacity 195ms cubic-bezier(0.4, 0, 0.2, 1) 0ms;\">...</div>`\n\nFix this problem, or use {force: true} to disable error checking.\n\nhttps://on.cypress.io/element-cannot-be-interacted-with\n    at ensureIsDescendent (https://tarbiyat.graphicweave.com/__cypress/runner/cypress_runner.js:112854:68)\n    at ensureDescendents (https://tarbiyat.graphicweave.com/__cypress/runner/cypress_runner.js:112905:5)\n    at ensureDescendentsAndScroll (https://tarbiyat.graphicweave.com/__cypress/runner/cypress_runner.js:112911:14)\n    at ensureElIsNotCovered (https://tarbiyat.graphicweave.com/__cypress/runner/cypress_runner.js:113042:5)\n    at runAllChecks (https://tarbiyat.graphicweave.com/__cypress/runner/cypress_runner.js:113241:52)\n    at retryActionability (https://tarbiyat.graphicweave.com/__cypress/runner/cypress_runner.js:113278:16)\n    at tryCatcher (https://tarbiyat.graphicweave.com/__cypress/runner/cypress_runner.js:1807:23)\n    at Promise.attempt.Promise.try (https://tarbiyat.graphicweave.com/__cypress/runner/cypress_runner.js:4315:29)\n    at whenStable (https://tarbiyat.graphicweave.com/__cypress/runner/cypress_runner.js:144055:68)\n    at <unknown> (https://tarbiyat.graphicweave.com/__cypress/runner/cypress_runner.js:143996:14)\n    at tryCatcher (https://tarbiyat.graphicweave.com/__cypress/runner/cypress_runner.js:1807:23)\n    at Promise._settlePromiseFromHandler (https://tarbiyat.graphicweave.com/__cypress/runner/cypress_runner.js:1519:31)\n    at Promise._settlePromise (https://tarbiyat.graphicweave.com/__cypress/runner/cypress_runner.js:1576:18)\n    at Promise._settlePromise0 (https://tarbiyat.graphicweave.com/__cypress/runner/cypress_runner.js:1621:10)\n    at Promise._settlePromises (https://tarbiyat.graphicweave.com/__cypress/runner/cypress_runner.js:1701:18)\n    at Promise._fulfill (https://tarbiyat.graphicweave.com/__cypress/runner/cypress_runner.js:1645:18)\n    at <unknown> (https://tarbiyat.graphicweave.com/__cypress/runner/cypress_runner.js:5450:46)\nFrom Your Spec Code:\n    at createCourse.Enterlessonitems (webpack://tarbiyat/./cypress/Pageobjects/instructor/createcourse.js:164:33)\n    at Context.eval (webpack://tarbiyat/./cypress/e2e/Instructor/create-course.cy.js:49:11)",
                "diff": null
              },
              "uuid": "6711dca2-323c-40c5-bc99-62f7b6d712fb",
              "parentUUID": "6aa9153f-49e8-4f14-a9b3-1126c541a4c1",
              "isHook": false,
              "skipped": false
            }
          ],
          "suites": [],
          "passes": [],
          "failures": [
            "6711dca2-323c-40c5-bc99-62f7b6d712fb"
          ],
          "pending": [],
          "skipped": [],
          "duration": 62990,
          "root": false,
          "rootEmpty": false,
          "_timeout": 2000
        }
      ],
      "passes": [],
      "failures": [],
      "pending": [],
      "skipped": [],
      "duration": 0,
      "root": true,
      "rootEmpty": true,
      "_timeout": 2000
    }
  ],
  "meta": {
    "mocha": {
      "version": "7.0.1"
    },
    "mochawesome": {
      "options": {
        "quiet": false,
        "reportFilename": "mochawesome",
        "saveHtml": false,
        "saveJson": true,
        "consoleReporter": "spec",
        "useInlineDiffs": false,
        "code": true
      },
      "version": "7.1.3"
    },
    "marge": {
      "options": {
        "reportDir": "cypress/results",
        "overwrite": false,
        "html": false,
        "json": true
      },
      "version": "6.2.0"
    }
  }
}